<?xml version="1.0" encoding="UTF-8"?>
<!-- Generated by org.testng.reporters.JUnitReportReporter -->
<testsuite hostname="INFOLAP3" failures="0" tests="9" name="Testcases_ARD.TeamCreation" time="541.115" errors="0" timestamp="2025-01-20T11:33:25 IST" skipped="0">
  <testcase classname="Testcases_ARD.TeamCreation" name="TC_02_ValidateTestTechniqueCreation" time="48.560"/>
  <testcase classname="Testcases_ARD.TeamCreation" name="TC_03_ValidateCreatingTestConfiguration" time="96.009"/>
  <testcase classname="Testcases_ARD.TeamCreation" name="TC_04_ValidateCreatingTestGroup" time="24.863"/>
  <testcase classname="Testcases_ARD.TeamCreation" name="TC_05_ValidateCreatingATRAtrributes" time="34.144"/>
  <testcase classname="Testcases_ARD.TeamCreation" name="TC_06_ValidateCreatingFormType" time="42.530"/>
  <testcase classname="Testcases_ARD.TeamCreation" name="TC_07_ValidateCreatingTemplateDataItems" time="25.367"/>
  <testcase classname="Testcases_ARD.TeamCreation" name="TC_08_ValidateCreatingTemplateSections" time="138.322"/>
  <testcase classname="Testcases_ARD.TeamCreation" name="TC_09_ValidateCreatingExperimentTemplate" time="49.178"/>
  <testcase classname="Testcases_ARD.TeamCreation" name="TC_10_ValidateExperimentTemplateSubmitandApprove" time="82.142"/>
</testsuite> <!-- Testcases_ARD.TeamCreation -->
