<?xml version="1.0" encoding="UTF-8"?>
<!-- Generated by org.testng.reporters.JUnitReportReporter -->
<testsuite hostname="INFOLAP3" failures="0" tests="1" name="Testcases.TS_Chemia_CRD_03_UsersTab" time="61.511" errors="0" timestamp="2024-11-08T13:17:36 IST" skipped="0">
  <testcase classname="Testcases.TS_Chemia_CRD_03_UsersTab" name="TC_ValidateQAComments" time="61.511"/>
</testsuite> <!-- Testcases.TS_Chemia_CRD_03_UsersTab -->
