<?xml version="1.0" encoding="UTF-8"?>
<!-- Generated by org.testng.reporters.JUnitReportReporter -->
<testsuite hostname="LIHYDLPT001" failures="0" tests="2" name="Testcases.TS_Chemia_CRD_01_Embedded_Excel" time="11.946" errors="0" timestamp="2025-04-24T15:25:58 IST" skipped="0">
  <testcase classname="Testcases.TS_Chemia_CRD_01_Embedded_Excel" name="TC_1" time="6.512"/>
  <testcase classname="Testcases.TS_Chemia_CRD_01_Embedded_Excel" name="TC_2" time="5.434"/>
</testsuite> <!-- Testcases.TS_Chemia_CRD_01_Embedded_Excel -->
