<?xml version="1.0" encoding="UTF-8"?>
<!-- Generated by org.testng.reporters.JUnitReportReporter -->
<testsuite hostname="INFOLAP3" failures="0" tests="7" name="Testcases_ARD.MyATRs_CompleteFlow" time="591.389" errors="0" timestamp="2025-01-17T13:45:57 IST" skipped="0">
  <testcase classname="Testcases_ARD.MyATRs_CompleteFlow" name="TC_01_ValidateATRsubmission" time="96.919"/>
  <testcase classname="Testcases_ARD.MyATRs_CompleteFlow" name="TC_02_ValidateTestAssghining" time="50.440"/>
  <testcase classname="Testcases_ARD.MyATRs_CompleteFlow" name="TC_03_ValidateTestSubmission" time="38.832"/>
  <testcase classname="Testcases_ARD.MyATRs_CompleteFlow" name="TC_04_ValidateTestVerifying" time="70.105"/>
  <testcase classname="Testcases_ARD.MyATRs_CompleteFlow" name="TC_05_ValidateTestRequestEnhancement" time="69.762"/>
  <testcase classname="Testcases_ARD.MyATRs_CompleteFlow" name="TC_06_ValidateRequestEnTestAssighningAndProcessTest" time="126.529"/>
  <testcase classname="Testcases_ARD.MyATRs_CompleteFlow" name="TC_07_ValidateTestAcceptFromAnalystAfterVerifying" time="138.802"/>
</testsuite> <!-- Testcases_ARD.MyATRs_CompleteFlow -->
